<?xml version="1.0" encoding="UTF-8"?>
<testng-results skipped="0" failed="0" ignored="0" total="1" passed="1">
  <reporter-output>
  </reporter-output>
  <suite name="Default suite" duration-ms="70098" started-at="2021-08-12T13:00:27 IST" finished-at="2021-08-12T13:01:37 IST">
    <groups>
      <group name="cucumber">
        <method signature="AbstractTestNGCucumberTests.runScenario(io.cucumber.testng.PickleWrapper, io.cucumber.testng.FeatureWrapper)[pri:0, instance:Runner.TestRunner@78e67e0a]" name="runScenario" class="io.cucumber.testng.AbstractTestNGCucumberTests"/>
      </group> <!-- cucumber -->
    </groups>
    <test name="Default test" duration-ms="70098" started-at="2021-08-12T13:00:27 IST" finished-at="2021-08-12T13:01:37 IST">
      <class name="Runner.TestRunner">
        <test-method status="PASS" signature="setUpClass()[pri:0, instance:Runner.TestRunner@78e67e0a]" name="setUpClass" is-config="true" duration-ms="1064" started-at="2021-08-12T13:00:27 IST" finished-at="2021-08-12T13:00:28 IST">
          <reporter-output>
          </reporter-output>
        </test-method> <!-- setUpClass -->
        <test-method status="PASS" signature="runScenario(io.cucumber.testng.PickleWrapper, io.cucumber.testng.FeatureWrapper)[pri:0, instance:Runner.TestRunner@78e67e0a]" name="runScenario" duration-ms="68600" started-at="2021-08-12T13:00:28 IST" description="Runs Cucumber Scenarios" data-provider="scenarios" finished-at="2021-08-12T13:01:37 IST">
          <params>
            <param index="0">
              <value>
                <![CDATA["To validate registration of a user"]]>
              </value>
            </param>
            <param index="1">
              <value>
                <![CDATA["Optional[To validate User Registration]"]]>
              </value>
            </param>
          </params>
          <reporter-output>
          </reporter-output>
        </test-method> <!-- runScenario -->
        <test-method status="PASS" signature="tearDownClass()[pri:0, instance:Runner.TestRunner@78e67e0a]" name="tearDownClass" is-config="true" duration-ms="334" started-at="2021-08-12T13:01:37 IST" finished-at="2021-08-12T13:01:37 IST">
          <reporter-output>
          </reporter-output>
        </test-method> <!-- tearDownClass -->
      </class> <!-- Runner.TestRunner -->
    </test> <!-- Default test -->
  </suite> <!-- Default suite -->
</testng-results>
